\BOOKMARK [1][-]{section.1}{Introduction}{}% 1
\BOOKMARK [2][-]{subsection.1.1}{Dataset Generation}{section.1}% 2
\BOOKMARK [2][-]{subsection.1.2}{I/O organization}{section.1}% 3
\BOOKMARK [3][-]{subsubsection.1.2.1}{Stop Criteria}{subsection.1.2}% 4
\BOOKMARK [1][-]{section.2}{Hadoop Implementation}{}% 5
\BOOKMARK [2][-]{subsection.2.1}{Pseudocode}{section.2}% 6
\BOOKMARK [3][-]{subsubsection.2.1.1}{Map function}{subsection.2.1}% 7
\BOOKMARK [3][-]{subsubsection.2.1.2}{Combine function}{subsection.2.1}% 8
\BOOKMARK [3][-]{subsubsection.2.1.3}{Reduce function}{subsection.2.1}% 9
\BOOKMARK [2][-]{subsection.2.2}{Design Choices}{section.2}% 10
\BOOKMARK [3][-]{subsubsection.2.2.1}{Command Line Parameters}{subsection.2.2}% 11
\BOOKMARK [3][-]{subsubsection.2.2.2}{How to launch the program}{subsection.2.2}% 12
\BOOKMARK [2][-]{subsection.2.3}{Components}{section.2}% 13
\BOOKMARK [3][-]{subsubsection.2.3.1}{Custom Classes}{subsection.2.3}% 14
\BOOKMARK [3][-]{subsubsection.2.3.2}{Mapper}{subsection.2.3}% 15
\BOOKMARK [3][-]{subsubsection.2.3.3}{Combiner}{subsection.2.3}% 16
\BOOKMARK [3][-]{subsubsection.2.3.4}{Reducer}{subsection.2.3}% 17
\BOOKMARK [1][-]{section.3}{Spark Implementation}{}% 18
\BOOKMARK [2][-]{subsection.3.1}{Steps}{section.3}% 19
\BOOKMARK [2][-]{subsection.3.2}{Design Choices}{section.3}% 20
\BOOKMARK [3][-]{subsubsection.3.2.1}{Command Line Parameters}{subsection.3.2}% 21
\BOOKMARK [3][-]{subsubsection.3.2.2}{How to launch the program}{subsection.3.2}% 22
\BOOKMARK [1][-]{section.4}{Experimental Results}{}% 23
\BOOKMARK [2][-]{subsection.4.1}{Testing on datasets}{section.4}% 24
\BOOKMARK [2][-]{subsection.4.2}{Execution time comparison between the two implementations}{section.4}% 25
